[debug] [2022-10-13T03:48:12.331Z] ----------------------------------------------------------------------
[debug] [2022-10-13T03:48:12.334Z] Command:       C:\Program Files\nodejs\node.exe C:\Users\HP USER\AppData\Roaming\npm\node_modules\firebase-tools\lib\bin\firebase.js init hosting
[debug] [2022-10-13T03:48:12.334Z] CLI Version:   11.14.2
[debug] [2022-10-13T03:48:12.335Z] Platform:      win32
[debug] [2022-10-13T03:48:12.335Z] Node Version:  v16.14.2
[debug] [2022-10-13T03:48:12.336Z] Time:          Thu Oct 13 2022 06:48:12 GMT+0300 (East Africa Time)
[debug] [2022-10-13T03:48:12.336Z] ----------------------------------------------------------------------
[debug] 
[debug] [2022-10-13T03:48:12.350Z] > command requires scopes: ["email","openid","https://www.googleapis.com/auth/cloudplatformprojects.readonly","https://www.googleapis.com/auth/firebase","https://www.googleapis.com/auth/cloud-platform"]
[debug] [2022-10-13T03:48:12.351Z] > authorizing via signed-in user (dejanrobi93@gmail.com)
[info] 
     ######## #### ########  ######## ########     ###     ######  ########
     ##        ##  ##     ## ##       ##     ##  ##   ##  ##       ##
     ######    ##  ########  ######   ########  #########  ######  ######
     ##        ##  ##    ##  ##       ##     ## ##     ##       ## ##
     ##       #### ##     ## ######## ########  ##     ##  ######  ########

You're about to initialize a Firebase project in this directory:

  C:\Users\HP USER\Desktop\Front-End Engineering\2JavaScript Full Course\4Building 15 JavaScript Projects\14Grocery-Bud

[info] 
=== Project Setup
[info] 
[info] First, let's associate this project directory with a Firebase project.
[info] You can create multiple project aliases by running firebase use --add, 
[info] but for now we'll just set up a default project.
[info] 
[debug] [2022-10-13T03:48:17.486Z] >>> [apiv2][query] GET https://firebase.googleapis.com/v1beta1/projects pageSize=100
[debug] [2022-10-13T03:48:18.176Z] <<< [apiv2][status] GET https://firebase.googleapis.com/v1beta1/projects 200
[debug] [2022-10-13T03:48:18.176Z] <<< [apiv2][body] GET https://firebase.googleapis.com/v1beta1/projects [omitted]
